<?xml version="1.0" encoding="UTF-8"?>
<testng-results ignored="0" total="5" passed="3" failed="2" skipped="0">
  <reporter-output>
  </reporter-output>
  <suite started-at="2023-05-17T13:15:15 GMT-04:00" name="Suite" finished-at="2023-05-17T13:38:40 GMT-04:00" duration-ms="1405878">
    <groups>
    </groups>
    <test started-at="2023-05-17T13:15:15 GMT-04:00" name="EditAddon_MakePay_via_SaveCard" finished-at="2023-05-17T13:19:35 GMT-04:00" duration-ms="260334">
      <class name="All_TestClasses.TestAdmin_EditAddon_with_Savecard_Info">
        <test-method is-config="true" signature="Open_Brouser(org.testng.ITestContext)[pri:0, instance:All_TestClasses.TestAdmin_EditAddon_with_Savecard_Info@2c1b9e4b]" started-at="2023-05-17T13:15:15 GMT-04:00" name="Open_Brouser" finished-at="2023-05-17T13:15:35 GMT-04:00" duration-ms="20499" status="PASS">
          <params>
            <param index="0">
              <value>
                <![CDATA[org.testng.TestRunner@62c1259f]]>
              </value>
            </param>
          </params>
          <reporter-output>
          </reporter-output>
        </test-method> <!-- Open_Brouser -->
        <test-method is-config="true" signature="Login()[pri:0, instance:All_TestClasses.TestAdmin_EditAddon_with_Savecard_Info@2c1b9e4b]" started-at="2023-05-17T13:15:35 GMT-04:00" name="Login" finished-at="2023-05-17T13:15:54 GMT-04:00" duration-ms="18408" status="PASS">
          <reporter-output>
          </reporter-output>
        </test-method> <!-- Login -->
        <test-method signature="EditAddon_MakePay_via_SaveCard()[pri:0, instance:All_TestClasses.TestAdmin_EditAddon_with_Savecard_Info@2c1b9e4b]" started-at="2023-05-17T13:15:54 GMT-04:00" name="EditAddon_MakePay_via_SaveCard" finished-at="2023-05-17T13:19:34 GMT-04:00" duration-ms="220449" status="PASS">
          <reporter-output>
          </reporter-output>
        </test-method> <!-- EditAddon_MakePay_via_SaveCard -->
        <test-method is-config="true" signature="checkStatus(java.lang.reflect.Method,org.testng.ITestResult)[pri:0, instance:All_TestClasses.TestAdmin_EditAddon_with_Savecard_Info@2c1b9e4b]" started-at="2023-05-17T13:19:34 GMT-04:00" name="checkStatus" finished-at="2023-05-17T13:19:34 GMT-04:00" duration-ms="2" status="PASS">
          <params>
            <param index="0">
              <value>
                <![CDATA[public void All_TestClasses.TestAdmin_EditAddon_with_Savecard_Info.EditAddon_MakePay_via_SaveCard() throws java.io.IOException,java.lang.InterruptedException]]>
              </value>
            </param>
            <param index="1">
              <value>
                <![CDATA[[TestResult name=EditAddon_MakePay_via_SaveCard status=SUCCESS method=TestAdmin_EditAddon_with_Savecard_Info.EditAddon_MakePay_via_SaveCard()[pri:0, instance:All_TestClasses.TestAdmin_EditAddon_with_Savecard_Info@2c1b9e4b] output={null}]]]>
              </value>
            </param>
          </params>
          <reporter-output>
          </reporter-output>
        </test-method> <!-- checkStatus -->
        <test-method is-config="true" signature="teardown()[pri:0, instance:All_TestClasses.TestAdmin_EditAddon_with_Savecard_Info@2c1b9e4b]" started-at="2023-05-17T13:19:34 GMT-04:00" name="teardown" finished-at="2023-05-17T13:19:35 GMT-04:00" duration-ms="839" status="PASS">
          <reporter-output>
          </reporter-output>
        </test-method> <!-- teardown -->
      </class> <!-- All_TestClasses.TestAdmin_EditAddon_with_Savecard_Info -->
    </test> <!-- EditAddon_MakePay_via_SaveCard -->
    <test started-at="2023-05-17T13:19:35 GMT-04:00" name="Edit_Item_MakePay_via_SaveCard" finished-at="2023-05-17T13:23:53 GMT-04:00" duration-ms="257849">
      <class name="All_TestClasses.TestAdmin_EditItem_with_Savecard_Info2">
        <test-method is-config="true" signature="Open_Brouser(org.testng.ITestContext)[pri:0, instance:All_TestClasses.TestAdmin_EditItem_with_Savecard_Info2@4a9f80d3]" started-at="2023-05-17T13:19:35 GMT-04:00" name="Open_Brouser" finished-at="2023-05-17T13:19:46 GMT-04:00" duration-ms="11210" status="PASS">
          <params>
            <param index="0">
              <value>
                <![CDATA[org.testng.TestRunner@3e265811]]>
              </value>
            </param>
          </params>
          <reporter-output>
          </reporter-output>
        </test-method> <!-- Open_Brouser -->
        <test-method is-config="true" signature="Login()[pri:0, instance:All_TestClasses.TestAdmin_EditItem_with_Savecard_Info2@4a9f80d3]" started-at="2023-05-17T13:19:46 GMT-04:00" name="Login" finished-at="2023-05-17T13:20:05 GMT-04:00" duration-ms="18505" status="PASS">
          <reporter-output>
          </reporter-output>
        </test-method> <!-- Login -->
        <test-method signature="Edit_Item_MakePay_via_SaveCard()[pri:0, instance:All_TestClasses.TestAdmin_EditItem_with_Savecard_Info2@4a9f80d3]" started-at="2023-05-17T13:20:05 GMT-04:00" name="Edit_Item_MakePay_via_SaveCard" finished-at="2023-05-17T13:23:52 GMT-04:00" duration-ms="227438" status="PASS">
          <reporter-output>
          </reporter-output>
        </test-method> <!-- Edit_Item_MakePay_via_SaveCard -->
        <test-method is-config="true" signature="checkStatus(java.lang.reflect.Method,org.testng.ITestResult)[pri:0, instance:All_TestClasses.TestAdmin_EditItem_with_Savecard_Info2@4a9f80d3]" started-at="2023-05-17T13:23:52 GMT-04:00" name="checkStatus" finished-at="2023-05-17T13:23:52 GMT-04:00" duration-ms="1" status="PASS">
          <params>
            <param index="0">
              <value>
                <![CDATA[public void All_TestClasses.TestAdmin_EditItem_with_Savecard_Info2.Edit_Item_MakePay_via_SaveCard() throws java.io.IOException,java.lang.InterruptedException]]>
              </value>
            </param>
            <param index="1">
              <value>
                <![CDATA[[TestResult name=Edit_Item_MakePay_via_SaveCard status=SUCCESS method=TestAdmin_EditItem_with_Savecard_Info2.Edit_Item_MakePay_via_SaveCard()[pri:0, instance:All_TestClasses.TestAdmin_EditItem_with_Savecard_Info2@4a9f80d3] output={null}]]]>
              </value>
            </param>
          </params>
          <reporter-output>
          </reporter-output>
        </test-method> <!-- checkStatus -->
        <test-method is-config="true" signature="teardown()[pri:0, instance:All_TestClasses.TestAdmin_EditItem_with_Savecard_Info2@4a9f80d3]" started-at="2023-05-17T13:23:52 GMT-04:00" name="teardown" finished-at="2023-05-17T13:23:53 GMT-04:00" duration-ms="686" status="PASS">
          <reporter-output>
          </reporter-output>
        </test-method> <!-- teardown -->
      </class> <!-- All_TestClasses.TestAdmin_EditItem_with_Savecard_Info2 -->
    </test> <!-- Edit_Item_MakePay_via_SaveCard -->
    <test started-at="2023-05-17T13:23:53 GMT-04:00" name="Admin_EditTime_CreateNewBooking" finished-at="2023-05-17T13:29:40 GMT-04:00" duration-ms="347354">
      <class name="All_TestClasses.TestAdmin_EditTime_CreateNewBooking">
        <test-method is-config="true" signature="Open_Brouser(org.testng.ITestContext)[pri:0, instance:All_TestClasses.TestAdmin_EditTime_CreateNewBooking@9635fa]" started-at="2023-05-17T13:23:53 GMT-04:00" name="Open_Brouser" finished-at="2023-05-17T13:24:05 GMT-04:00" duration-ms="12568" status="PASS">
          <params>
            <param index="0">
              <value>
                <![CDATA[org.testng.TestRunner@55a07f97]]>
              </value>
            </param>
          </params>
          <reporter-output>
          </reporter-output>
        </test-method> <!-- Open_Brouser -->
        <test-method is-config="true" signature="Login()[pri:0, instance:All_TestClasses.TestAdmin_EditTime_CreateNewBooking@9635fa]" started-at="2023-05-17T13:24:05 GMT-04:00" name="Login" finished-at="2023-05-17T13:24:24 GMT-04:00" duration-ms="18307" status="PASS">
          <reporter-output>
          </reporter-output>
        </test-method> <!-- Login -->
        <test-method signature="Admin_EditTime_CreateNewBooking()[pri:0, instance:All_TestClasses.TestAdmin_EditTime_CreateNewBooking@9635fa]" started-at="2023-05-17T13:24:24 GMT-04:00" name="Admin_EditTime_CreateNewBooking" finished-at="2023-05-17T13:29:40 GMT-04:00" duration-ms="315838" status="PASS">
          <reporter-output>
          </reporter-output>
        </test-method> <!-- Admin_EditTime_CreateNewBooking -->
        <test-method is-config="true" signature="checkStatus(java.lang.reflect.Method,org.testng.ITestResult)[pri:0, instance:All_TestClasses.TestAdmin_EditTime_CreateNewBooking@9635fa]" started-at="2023-05-17T13:29:40 GMT-04:00" name="checkStatus" finished-at="2023-05-17T13:29:40 GMT-04:00" duration-ms="1" status="PASS">
          <params>
            <param index="0">
              <value>
                <![CDATA[public void All_TestClasses.TestAdmin_EditTime_CreateNewBooking.Admin_EditTime_CreateNewBooking() throws java.io.IOException,java.lang.InterruptedException]]>
              </value>
            </param>
            <param index="1">
              <value>
                <![CDATA[[TestResult name=Admin_EditTime_CreateNewBooking status=SUCCESS method=TestAdmin_EditTime_CreateNewBooking.Admin_EditTime_CreateNewBooking()[pri:0, instance:All_TestClasses.TestAdmin_EditTime_CreateNewBooking@9635fa] output={null}]]]>
              </value>
            </param>
          </params>
          <reporter-output>
          </reporter-output>
        </test-method> <!-- checkStatus -->
        <test-method is-config="true" signature="teardown()[pri:0, instance:All_TestClasses.TestAdmin_EditTime_CreateNewBooking@9635fa]" started-at="2023-05-17T13:29:40 GMT-04:00" name="teardown" finished-at="2023-05-17T13:29:40 GMT-04:00" duration-ms="628" status="PASS">
          <reporter-output>
          </reporter-output>
        </test-method> <!-- teardown -->
      </class> <!-- All_TestClasses.TestAdmin_EditTime_CreateNewBooking -->
    </test> <!-- Admin_EditTime_CreateNewBooking -->
    <test started-at="2023-05-17T13:29:40 GMT-04:00" name="Admin_Edit_UpdateTime" finished-at="2023-05-17T13:34:50 GMT-04:00" duration-ms="309897">
      <class name="All_TestClasses.TestAdmin_EditTime_UpdateSameTime">
        <test-method is-config="true" signature="Open_Brouser(org.testng.ITestContext)[pri:0, instance:All_TestClasses.TestAdmin_EditTime_UpdateSameTime@71e5f61d]" started-at="2023-05-17T13:29:40 GMT-04:00" name="Open_Brouser" finished-at="2023-05-17T13:30:36 GMT-04:00" duration-ms="56317" status="PASS">
          <params>
            <param index="0">
              <value>
                <![CDATA[org.testng.TestRunner@33986be7]]>
              </value>
            </param>
          </params>
          <reporter-output>
          </reporter-output>
        </test-method> <!-- Open_Brouser -->
        <test-method is-config="true" signature="Login()[pri:0, instance:All_TestClasses.TestAdmin_EditTime_UpdateSameTime@71e5f61d]" started-at="2023-05-17T13:30:36 GMT-04:00" name="Login" finished-at="2023-05-17T13:30:55 GMT-04:00" duration-ms="18039" status="PASS">
          <reporter-output>
          </reporter-output>
        </test-method> <!-- Login -->
        <test-method signature="Admin_Edit_UpdateTime()[pri:0, instance:All_TestClasses.TestAdmin_EditTime_UpdateSameTime@71e5f61d]" started-at="2023-05-17T13:30:55 GMT-04:00" name="Admin_Edit_UpdateTime" finished-at="2023-05-17T13:34:49 GMT-04:00" duration-ms="234393" status="FAIL">
          <exception class="java.lang.AssertionError">
            <message>
              <![CDATA[expected [Booking status updated successfully]] but found [Booking status updated successfully]]]>
            </message>
            <full-stacktrace>
              <![CDATA[java.lang.AssertionError: expected [Booking status updated successfully]] but found [Booking status updated successfully]
at org.testng.Assert.fail(Assert.java:99)
at org.testng.Assert.failNotEquals(Assert.java:1037)
at org.testng.Assert.assertEqualsImpl(Assert.java:140)
at org.testng.Assert.assertEquals(Assert.java:122)
at org.testng.Assert.assertEquals(Assert.java:629)
at org.testng.Assert.assertEquals(Assert.java:639)
at All_TestClasses.TestAdmin_EditTime_UpdateSameTime.Admin_Edit_UpdateTime(TestAdmin_EditTime_UpdateSameTime.java:263)
at java.base/jdk.internal.reflect.NativeMethodAccessorImpl.invoke0(Native Method)
at java.base/jdk.internal.reflect.NativeMethodAccessorImpl.invoke(NativeMethodAccessorImpl.java:77)
at java.base/jdk.internal.reflect.DelegatingMethodAccessorImpl.invoke(DelegatingMethodAccessorImpl.java:43)
at java.base/java.lang.reflect.Method.invoke(Method.java:568)
at org.testng.internal.MethodInvocationHelper.invokeMethod(MethodInvocationHelper.java:133)
at org.testng.internal.TestInvoker.invokeMethod(TestInvoker.java:598)
at org.testng.internal.TestInvoker.invokeTestMethod(TestInvoker.java:173)
at org.testng.internal.MethodRunner.runInSequence(MethodRunner.java:46)
at org.testng.internal.TestInvoker$MethodInvocationAgent.invoke(TestInvoker.java:824)
at org.testng.internal.TestInvoker.invokeTestMethods(TestInvoker.java:146)
at org.testng.internal.TestMethodWorker.invokeTestMethods(TestMethodWorker.java:146)
at org.testng.internal.TestMethodWorker.run(TestMethodWorker.java:128)
at java.base/java.util.ArrayList.forEach(ArrayList.java:1511)
at org.testng.TestRunner.privateRun(TestRunner.java:794)
at org.testng.TestRunner.run(TestRunner.java:596)
at org.testng.SuiteRunner.runTest(SuiteRunner.java:377)
at org.testng.SuiteRunner.runSequentially(SuiteRunner.java:371)
at org.testng.SuiteRunner.privateRun(SuiteRunner.java:332)
at org.testng.SuiteRunner.run(SuiteRunner.java:276)
at org.testng.SuiteRunnerWorker.runSuite(SuiteRunnerWorker.java:53)
at org.testng.SuiteRunnerWorker.run(SuiteRunnerWorker.java:96)
at org.testng.TestNG.runSuitesSequentially(TestNG.java:1212)
at org.testng.TestNG.runSuitesLocally(TestNG.java:1134)
at org.testng.TestNG.runSuites(TestNG.java:1063)
at org.testng.TestNG.run(TestNG.java:1031)
at org.testng.remote.AbstractRemoteTestNG.run(AbstractRemoteTestNG.java:115)
at org.testng.remote.RemoteTestNG.initAndRun(RemoteTestNG.java:251)
at org.testng.remote.RemoteTestNG.main(RemoteTestNG.java:77)
]]>
            </full-stacktrace>
          </exception> <!-- java.lang.AssertionError -->
          <reporter-output>
          </reporter-output>
        </test-method> <!-- Admin_Edit_UpdateTime -->
        <test-method is-config="true" signature="checkStatus(java.lang.reflect.Method,org.testng.ITestResult)[pri:0, instance:All_TestClasses.TestAdmin_EditTime_UpdateSameTime@71e5f61d]" started-at="2023-05-17T13:34:49 GMT-04:00" name="checkStatus" finished-at="2023-05-17T13:34:49 GMT-04:00" duration-ms="488" status="PASS">
          <params>
            <param index="0">
              <value>
                <![CDATA[public void All_TestClasses.TestAdmin_EditTime_UpdateSameTime.Admin_Edit_UpdateTime() throws java.io.IOException,java.lang.InterruptedException]]>
              </value>
            </param>
            <param index="1">
              <value>
                <![CDATA[[TestResult name=Admin_Edit_UpdateTime status=FAILURE method=TestAdmin_EditTime_UpdateSameTime.Admin_Edit_UpdateTime()[pri:0, instance:All_TestClasses.TestAdmin_EditTime_UpdateSameTime@71e5f61d] output={null}]]]>
              </value>
            </param>
          </params>
          <reporter-output>
          </reporter-output>
        </test-method> <!-- checkStatus -->
        <test-method is-config="true" signature="teardown()[pri:0, instance:All_TestClasses.TestAdmin_EditTime_UpdateSameTime@71e5f61d]" started-at="2023-05-17T13:34:49 GMT-04:00" name="teardown" finished-at="2023-05-17T13:34:50 GMT-04:00" duration-ms="648" status="PASS">
          <reporter-output>
          </reporter-output>
        </test-method> <!-- teardown -->
      </class> <!-- All_TestClasses.TestAdmin_EditTime_UpdateSameTime -->
    </test> <!-- Admin_Edit_UpdateTime -->
    <test started-at="2023-05-17T13:34:50 GMT-04:00" name="Admin_EditLane" finished-at="2023-05-17T13:38:40 GMT-04:00" duration-ms="230326">
      <class name="All_TestClasses.TestAdmin_EditLane">
        <test-method is-config="true" signature="initialiseExtentReports()[pri:0, instance:All_TestClasses.TestAdmin_EditLane@6a62689d]" started-at="2023-05-17T13:15:14 GMT-04:00" name="initialiseExtentReports" finished-at="2023-05-17T13:15:15 GMT-04:00" duration-ms="969" status="PASS">
          <reporter-output>
          </reporter-output>
        </test-method> <!-- initialiseExtentReports -->
        <test-method is-config="true" signature="Open_Brouser(org.testng.ITestContext)[pri:0, instance:All_TestClasses.TestAdmin_EditLane@6a62689d]" started-at="2023-05-17T13:34:50 GMT-04:00" name="Open_Brouser" finished-at="2023-05-17T13:35:00 GMT-04:00" duration-ms="9778" status="PASS">
          <params>
            <param index="0">
              <value>
                <![CDATA[org.testng.TestRunner@5ed88e31]]>
              </value>
            </param>
          </params>
          <reporter-output>
          </reporter-output>
        </test-method> <!-- Open_Brouser -->
        <test-method is-config="true" signature="Login()[pri:0, instance:All_TestClasses.TestAdmin_EditLane@6a62689d]" started-at="2023-05-17T13:35:00 GMT-04:00" name="Login" finished-at="2023-05-17T13:35:18 GMT-04:00" duration-ms="18270" status="PASS">
          <reporter-output>
          </reporter-output>
        </test-method> <!-- Login -->
        <test-method signature="Admin_EditLane()[pri:0, instance:All_TestClasses.TestAdmin_EditLane@6a62689d]" started-at="2023-05-17T13:35:18 GMT-04:00" name="Admin_EditLane" finished-at="2023-05-17T13:38:39 GMT-04:00" duration-ms="201316" status="FAIL">
          <exception class="org.openqa.selenium.NoSuchElementException">
            <message>
              <![CDATA[no such element: Unable to locate element: {"method":"xpath","selector":"//div[@id='notistack-snackbar']"}
  (Session info: chrome=113.0.5672.126)
For documentation on this error, please visit: https://selenium.dev/exceptions/#no_such_element
Build info: version: '4.4.0', revision: 'e5c75ed026a'
System info: host: 'DESKTOP-OEVFJIS', ip: '192.168.43.130', os.name: 'Windows 10', os.arch: 'amd64', os.version: '10.0', java.version: '17.0.2'
Driver info: org.openqa.selenium.chrome.ChromeDriver
Command: [d2f37a2c2023acbfd55589d1f575cf61, findElement {using=xpath, value=//div[@id='notistack-snackbar']}]
Capabilities {acceptInsecureCerts: false, browserName: chrome, browserVersion: 113.0.5672.126, chrome: {chromedriverVersion: 113.0.5672.63 (0e1a4471d5ae..., userDataDir: C:\Users\dell\AppData\Local...}, goog:chromeOptions: {debuggerAddress: localhost:60854}, networkConnectionEnabled: false, pageLoadStrategy: normal, platformName: WINDOWS, proxy: Proxy(), se:cdp: ws://localhost:60854/devtoo..., se:cdpVersion: 113.0.5672.126, setWindowRect: true, strictFileInteractability: false, timeouts: {implicit: 0, pageLoad: 300000, script: 30000}, unhandledPromptBehavior: dismiss and notify, webauthn:extension:credBlob: true, webauthn:extension:largeBlob: true, webauthn:extension:minPinLength: true, webauthn:extension:prf: true, webauthn:virtualAuthenticators: true}
Session ID: d2f37a2c2023acbfd55589d1f575cf61]]>
            </message>
            <full-stacktrace>
              <![CDATA[org.openqa.selenium.NoSuchElementException: no such element: Unable to locate element: {"method":"xpath","selector":"//div[@id='notistack-snackbar']"}
  (Session info: chrome=113.0.5672.126)
For documentation on this error, please visit: https://selenium.dev/exceptions/#no_such_element
Build info: version: '4.4.0', revision: 'e5c75ed026a'
System info: host: 'DESKTOP-OEVFJIS', ip: '192.168.43.130', os.name: 'Windows 10', os.arch: 'amd64', os.version: '10.0', java.version: '17.0.2'
Driver info: org.openqa.selenium.chrome.ChromeDriver
Command: [d2f37a2c2023acbfd55589d1f575cf61, findElement {using=xpath, value=//div[@id='notistack-snackbar']}]
Capabilities {acceptInsecureCerts: false, browserName: chrome, browserVersion: 113.0.5672.126, chrome: {chromedriverVersion: 113.0.5672.63 (0e1a4471d5ae..., userDataDir: C:\Users\dell\AppData\Local...}, goog:chromeOptions: {debuggerAddress: localhost:60854}, networkConnectionEnabled: false, pageLoadStrategy: normal, platformName: WINDOWS, proxy: Proxy(), se:cdp: ws://localhost:60854/devtoo..., se:cdpVersion: 113.0.5672.126, setWindowRect: true, strictFileInteractability: false, timeouts: {implicit: 0, pageLoad: 300000, script: 30000}, unhandledPromptBehavior: dismiss and notify, webauthn:extension:credBlob: true, webauthn:extension:largeBlob: true, webauthn:extension:minPinLength: true, webauthn:extension:prf: true, webauthn:virtualAuthenticators: true}
Session ID: d2f37a2c2023acbfd55589d1f575cf61
at java.base/jdk.internal.reflect.NativeConstructorAccessorImpl.newInstance0(Native Method)
at java.base/jdk.internal.reflect.NativeConstructorAccessorImpl.newInstance(NativeConstructorAccessorImpl.java:77)
at java.base/jdk.internal.reflect.DelegatingConstructorAccessorImpl.newInstance(DelegatingConstructorAccessorImpl.java:45)
at java.base/java.lang.reflect.Constructor.newInstanceWithCaller(Constructor.java:499)
at java.base/java.lang.reflect.Constructor.newInstance(Constructor.java:480)
at org.openqa.selenium.remote.codec.w3c.W3CHttpResponseCodec.createException(W3CHttpResponseCodec.java:200)
at org.openqa.selenium.remote.codec.w3c.W3CHttpResponseCodec.decode(W3CHttpResponseCodec.java:133)
at org.openqa.selenium.remote.codec.w3c.W3CHttpResponseCodec.decode(W3CHttpResponseCodec.java:53)
at org.openqa.selenium.remote.HttpCommandExecutor.execute(HttpCommandExecutor.java:184)
at org.openqa.selenium.remote.service.DriverCommandExecutor.invokeExecute(DriverCommandExecutor.java:167)
at org.openqa.selenium.remote.service.DriverCommandExecutor.execute(DriverCommandExecutor.java:142)
at org.openqa.selenium.remote.RemoteWebDriver.execute(RemoteWebDriver.java:547)
at org.openqa.selenium.remote.ElementLocation$ElementFinder$2.findElement(ElementLocation.java:162)
at org.openqa.selenium.remote.ElementLocation.findElement(ElementLocation.java:60)
at org.openqa.selenium.remote.RemoteWebDriver.findElement(RemoteWebDriver.java:365)
at org.openqa.selenium.remote.RemoteWebDriver.findElement(RemoteWebDriver.java:357)
at All_TestClasses.TestAdmin_EditLane.Admin_EditLane(TestAdmin_EditLane.java:276)
at java.base/jdk.internal.reflect.NativeMethodAccessorImpl.invoke0(Native Method)
at java.base/jdk.internal.reflect.NativeMethodAccessorImpl.invoke(NativeMethodAccessorImpl.java:77)
at java.base/jdk.internal.reflect.DelegatingMethodAccessorImpl.invoke(DelegatingMethodAccessorImpl.java:43)
at java.base/java.lang.reflect.Method.invoke(Method.java:568)
at org.testng.internal.MethodInvocationHelper.invokeMethod(MethodInvocationHelper.java:133)
at org.testng.internal.TestInvoker.invokeMethod(TestInvoker.java:598)
at org.testng.internal.TestInvoker.invokeTestMethod(TestInvoker.java:173)
at org.testng.internal.MethodRunner.runInSequence(MethodRunner.java:46)
at org.testng.internal.TestInvoker$MethodInvocationAgent.invoke(TestInvoker.java:824)
at org.testng.internal.TestInvoker.invokeTestMethods(TestInvoker.java:146)
at org.testng.internal.TestMethodWorker.invokeTestMethods(TestMethodWorker.java:146)
at org.testng.internal.TestMethodWorker.run(TestMethodWorker.java:128)
at java.base/java.util.ArrayList.forEach(ArrayList.java:1511)
at org.testng.TestRunner.privateRun(TestRunner.java:794)
at org.testng.TestRunner.run(TestRunner.java:596)
at org.testng.SuiteRunner.runTest(SuiteRunner.java:377)
at org.testng.SuiteRunner.runSequentially(SuiteRunner.java:371)
at org.testng.SuiteRunner.privateRun(SuiteRunner.java:332)
at org.testng.SuiteRunner.run(SuiteRunner.java:276)
at org.testng.SuiteRunnerWorker.runSuite(SuiteRunnerWorker.java:53)
at org.testng.SuiteRunnerWorker.run(SuiteRunnerWorker.java:96)
at org.testng.TestNG.runSuitesSequentially(TestNG.java:1212)
at org.testng.TestNG.runSuitesLocally(TestNG.java:1134)
at org.testng.TestNG.runSuites(TestNG.java:1063)
at org.testng.TestNG.run(TestNG.java:1031)
at org.testng.remote.AbstractRemoteTestNG.run(AbstractRemoteTestNG.java:115)
at org.testng.remote.RemoteTestNG.initAndRun(RemoteTestNG.java:251)
at org.testng.remote.RemoteTestNG.main(RemoteTestNG.java:77)
]]>
            </full-stacktrace>
          </exception> <!-- org.openqa.selenium.NoSuchElementException -->
          <reporter-output>
          </reporter-output>
        </test-method> <!-- Admin_EditLane -->
        <test-method is-config="true" signature="checkStatus(java.lang.reflect.Method,org.testng.ITestResult)[pri:0, instance:All_TestClasses.TestAdmin_EditLane@6a62689d]" started-at="2023-05-17T13:38:39 GMT-04:00" name="checkStatus" finished-at="2023-05-17T13:38:40 GMT-04:00" duration-ms="387" status="PASS">
          <params>
            <param index="0">
              <value>
                <![CDATA[public void All_TestClasses.TestAdmin_EditLane.Admin_EditLane() throws java.io.IOException,java.lang.InterruptedException]]>
              </value>
            </param>
            <param index="1">
              <value>
                <![CDATA[[TestResult name=Admin_EditLane status=FAILURE method=TestAdmin_EditLane.Admin_EditLane()[pri:0, instance:All_TestClasses.TestAdmin_EditLane@6a62689d] output={null}]]]>
              </value>
            </param>
          </params>
          <reporter-output>
          </reporter-output>
        </test-method> <!-- checkStatus -->
        <test-method is-config="true" signature="teardown()[pri:0, instance:All_TestClasses.TestAdmin_EditLane@6a62689d]" started-at="2023-05-17T13:38:40 GMT-04:00" name="teardown" finished-at="2023-05-17T13:38:40 GMT-04:00" duration-ms="564" status="PASS">
          <reporter-output>
          </reporter-output>
        </test-method> <!-- teardown -->
        <test-method is-config="true" signature="generateExtentReports()[pri:0, instance:All_TestClasses.TestAdmin_EditLane@6a62689d]" started-at="2023-05-17T13:38:40 GMT-04:00" name="generateExtentReports" finished-at="2023-05-17T13:38:47 GMT-04:00" duration-ms="6285" status="PASS">
          <reporter-output>
          </reporter-output>
        </test-method> <!-- generateExtentReports -->
      </class> <!-- All_TestClasses.TestAdmin_EditLane -->
    </test> <!-- Admin_EditLane -->
  </suite> <!-- Suite -->
</testng-results>
